<?xml version="1.0" encoding="UTF-8"?>
<!-- Generated by org.testng.reporters.JUnitReportReporter -->
<testsuite skipped="0" hostname="WKWIN3243333" name="com.tests.ValidateHomePage" tests="1" failures="0" timestamp="02 Jul 2020 10:59:57 GMT" time="8.369" errors="0">
  <testcase name="validateLogin" time="8.369" classname="com.tests.ValidateHomePage"/>
</testsuite> <!-- com.tests.ValidateHomePage -->
