<?xml version="1.0" encoding="UTF-8"?>
<!-- Generated by org.testng.reporters.JUnitReportReporter -->
<testsuite skipped="0" hostname="WKWIN3243333" name="com.tests.ValidateHomePage" tests="1" failures="0" timestamp="03 Jul 2020 05:21:06 GMT" time="7.011" errors="0">
  <testcase name="validateLogin" time="7.011" classname="com.tests.ValidateHomePage"/>
</testsuite> <!-- com.tests.ValidateHomePage -->
